0 info it worked if it ends with ok
1 verbose cli [ 'C:\\Program Files\\nodejs\\node.exe',
1 verbose cli   'C:\\Program Files\\nodejs\\node_modules\\npm\\bin\\npm-cli.js',
1 verbose cli   'run',
1 verbose cli   'webpack' ]
2 info using npm@3.10.10
3 info using node@v6.9.4
4 verbose run-script [ 'prewebpack', 'webpack', 'postwebpack' ]
5 info lifecycle globalize-webpack-bower@1.0.0~prewebpack: globalize-webpack-bower@1.0.0
6 silly lifecycle globalize-webpack-bower@1.0.0~prewebpack: no script for prewebpack, continuing
7 info lifecycle globalize-webpack-bower@1.0.0~webpack: globalize-webpack-bower@1.0.0
8 verbose lifecycle globalize-webpack-bower@1.0.0~webpack: unsafe-perm in lifecycle true
9 verbose lifecycle globalize-webpack-bower@1.0.0~webpack: PATH: C:\Users\U0136354\AppData\Roaming\nvm\v6.9.4\node_modules\npm\bin\node-gyp-bin;C:\Users\U0136354\Desktop\globalize-webpack-bower\node_modules\.bin;C:\Program Files (x86)\Common Files\Intel\Shared Files\cpp\bin\Intel64;C:\Program Files (x86)\Intel\iCLS Client\;C:\Program Files\Intel\iCLS Client\;C:\Program Files (x86)\AMD APP\bin\x86_64;C:\Program Files (x86)\AMD APP\bin\x86;C:\ProgramData\Oracle\Java\javapath;C:\windows\system32;C:\windows;C:\windows\System32\Wbem;C:\windows\System32\WindowsPowerShell\v1.0\;C:\windows\System32\WindowsPowerShell\v1.0\;C:\Program Files (x86)\QuickTime\QTSystem\;C:\Program Files (x86)\ATI Technologies\ATI.ACE\Core-Static;C:\windows\system32\config\systemprofile\.dnx\bin;C:\Program Files\Microsoft DNX\Dnvm\;C:\Program Files\Microsoft SQL Server\120\Tools\Binn\;C:\Program Files\Microsoft SQL Server\130\Tools\Binn\;C:\Program Files (x86)\Skype\Phone\;C:\Program Files (x86)\Sennheiser\SoftphoneSDK\;C:\Program Files (x86)\Common Files\Check Point\UIFramework 3.0\Bin\;C:\Program Files (x86)\CheckPoint\Endpoint Security\Endpoint Common\bin;C:\Program Files\Intel\WiFi\bin\;C:\Program Files\Common Files\Intel\WirelessCommon\;C:\Program Files\Intel\Intel(R) Management Engine Components\DAL;C:\Program Files\Intel\Intel(R) Management Engine Components\IPT;C:\Program Files (x86)\Intel\Intel(R) Management Engine Components\DAL;C:\Program Files (x86)\Intel\Intel(R) Management Engine Components\IPT;D:\System;C:\Users\U0136354\AppData\Roaming\nvm;C:\Program Files\nodejs;C:\Program Files\nodejs\;C:\ProgramData\chocolatey\bin;C:\Program Files\Java\jdk1.8.0_121\bin;C:\Program Files\dotnet\;C:\Program Files\Git\cmd;C:\Program Files\Intel\WiFi\bin\;C:\Program Files\Common Files\Intel\WirelessCommon\;C:\Program Files (x86)\Rico Suter\NSwagStudio\;C:\Program Files (x86)\Microsoft VS Code\bin;C:\Users\U0136354\AppData\Roaming\nvm;C:\Program Files\nodejs;C:\Users\U0136354\AppData\Roaming\npm;C:\Users\U0136354\AppData\Local\Android\android-sdk\tools;C:\Users\U0136354\AppData\Local\Android\android-sdk\platform-tools;
10 verbose lifecycle globalize-webpack-bower@1.0.0~webpack: CWD: C:\Users\U0136354\Desktop\globalize-webpack-bower
11 silly lifecycle globalize-webpack-bower@1.0.0~webpack: Args: [ '/d /s /c',
11 silly lifecycle   'webpack --config config\\webpack.config.js > webpack-debug.log' ]
12 silly lifecycle globalize-webpack-bower@1.0.0~webpack: Returned: code: 2  signal: null
13 info lifecycle globalize-webpack-bower@1.0.0~webpack: Failed to exec webpack script
14 verbose stack Error: globalize-webpack-bower@1.0.0 webpack: `webpack --config config\webpack.config.js > webpack-debug.log`
14 verbose stack Exit status 2
14 verbose stack     at EventEmitter.<anonymous> (C:\Users\U0136354\AppData\Roaming\nvm\v6.9.4\node_modules\npm\lib\utils\lifecycle.js:255:16)
14 verbose stack     at emitTwo (events.js:106:13)
14 verbose stack     at EventEmitter.emit (events.js:191:7)
14 verbose stack     at ChildProcess.<anonymous> (C:\Users\U0136354\AppData\Roaming\nvm\v6.9.4\node_modules\npm\lib\utils\spawn.js:40:14)
14 verbose stack     at emitTwo (events.js:106:13)
14 verbose stack     at ChildProcess.emit (events.js:191:7)
14 verbose stack     at maybeClose (internal/child_process.js:877:16)
14 verbose stack     at Process.ChildProcess._handle.onexit (internal/child_process.js:226:5)
15 verbose pkgid globalize-webpack-bower@1.0.0
16 verbose cwd C:\Users\U0136354\Desktop\globalize-webpack-bower
17 error Windows_NT 6.1.7601
18 error argv "C:\\Program Files\\nodejs\\node.exe" "C:\\Program Files\\nodejs\\node_modules\\npm\\bin\\npm-cli.js" "run" "webpack"
19 error node v6.9.4
20 error npm  v3.10.10
21 error code ELIFECYCLE
22 error globalize-webpack-bower@1.0.0 webpack: `webpack --config config\webpack.config.js > webpack-debug.log`
22 error Exit status 2
23 error Failed at the globalize-webpack-bower@1.0.0 webpack script 'webpack --config config\webpack.config.js > webpack-debug.log'.
23 error Make sure you have the latest version of node.js and npm installed.
23 error If you do, this is most likely a problem with the globalize-webpack-bower package,
23 error not with npm itself.
23 error Tell the author that this fails on your system:
23 error     webpack --config config\webpack.config.js > webpack-debug.log
23 error You can get information on how to open an issue for this project with:
23 error     npm bugs globalize-webpack-bower
23 error Or if that isn't available, you can get their info via:
23 error     npm owner ls globalize-webpack-bower
23 error There is likely additional logging output above.
24 verbose exit [ 1, true ]
